MPASM  5.35                         LAB 3.ASM   5-29-2017  23:14:26         PAGE  1


LOC  OBJECT CODE     LINE SOURCE TEXT
  VALUE

                      00001 ;Write an MPASM program for the PIC microcontroller that controls 
                      00002 ;three LEDs located on PORTA. Each LED represents the comparison 
                      00003 ;result of two numbers provided via port B.
                      00004 ;LED Status:
                      00005 ;RA0: A < B
                      00006 ;RA1: A = B
                      00007 ;RA2: A > B
                      00008 ; A on B7:B4, B on B3:B0
                      00009 
                      00010 MAIN_PROG CODE
                      00011 
0000                  00012 START
                      00013 
                      00014 #include <p16f887.inc>
                      00001         LIST
                      00002 ; P16F887.INC  Standard Header File, Version 1.00    Microchip Technology, Inc.
Message[301]: MESSAGE: (Processor-header file mismatch.  Verify selected processor.)
                      00617         LIST
                      00015 #include "../Functions.inc"
                      00001 MOVLF macro k, f
                      00002         MOVLW k
                      00003         MOVWF f
Warning[205]: Found directive in column 1. (endm)
                      00004 endm
                      00005 
                      00006 MOVFF macro source, dest
                      00007         MOVF source, 0
                      00008         MOVWF dest
Warning[205]: Found directive in column 1. (endm)
                      00009 endm
                      00010 
                      00011 SWAP macro reg1, reg2, tempAddress
                      00012         MOVF reg1, 0
                      00013         MOVWF tempAddress
                      00014         MOVF reg2, 0
                      00015         MOVWF reg1
                      00016         MOVF tempAddress, 0
                      00017         MOVWF reg2
Warning[205]: Found directive in column 1. (endm)
                      00018 endm
                      00019 
                      00020 ADDLF macro k, f
                      00021         MOVF f, 0
                      00022         ADDLW k
                      00023         MOVWF f
Warning[205]: Found directive in column 1. (endm)
                      00024 endm
                      00025 
                      00026 ADDFF macro reg1, reg2, sumLoc
                      00027         MOVWF reg2, 0
                      00028         ADDWF reg1, 0
                      00029         MOVWF sumLoc
Warning[205]: Found directive in column 1. (endm)
MPASM  5.35                         LAB 3.ASM   5-29-2017  23:14:26         PAGE  2


LOC  OBJECT CODE     LINE SOURCE TEXT
  VALUE

                      00030 endm
                      00031 
                      00032 SUBLF macro k, f
                      00033         MOVF f, 0
                      00034         SUBLW k
                      00035         MOVWF f
Warning[205]: Found directive in column 1. (endm)
                      00036 endm
                      00037 
                      00038 MULTLW macro k, countAddress, tempAddress
                      00039         MOVWF tempAddress
                      00040         MOVLF k, countAddress
                      00041         MOVLW 0
                      00042         loop:
                      00043                 ADDWF tempAddress, 0
                      00044                 DECFSZ countAddress
                      00045                 GOTO loop
                      00046         NOP
Warning[205]: Found directive in column 1. (endm)
                      00047 endm
                      00048 
                      00049 MULTFF macro reg1, reg2, countAddress, resultAddress
                      00050         MOVFF reg2, countAddress
                      00051         MOVLF 0, resultAddress
                      00052         loop:
                      00053                 ADDFF reg1, resultAddress, resultAdress
                      00054                 DECFSZ countAddress
                      00055                 GOTO loop
                      00056         NOP
Warning[205]: Found directive in column 1. (endm)
                      00057 endm
                      00016 
  00000001            00017 LESS EQU b'00000001'
  00000002            00018 EQUAL EQU b'00000010'
  00000004            00019 GREATER EQU b'00000100'
  00000020            00020 A_VAL EQU 0x20
  00000021            00021 B_VAL EQU 0x21
                      00022 
0000                  00023 setup:
0000   1283 1303      00024     BANKSEL PORTA
0002   0185           00025     CLRF PORTA
0003   1683 1303      00026     BANKSEL TRISB
                      00027         MOVLF b'11111111', TRISB ; 1 is input
0005   30FF               M         MOVLW b'11111111'
Message[302]: Register in operand not in bank 0.  Ensure that bank bits are correct.
0006   0086               M         MOVWF TRISB
0007   1683 1303      00028     BANKSEL TRISA
Message[302]: Register in operand not in bank 0.  Ensure that bank bits are correct.
0009   0185           00029     CLRF TRISA ; all LED outputs
000A   1683 1703      00030         BANKSEL ANSEL
Message[302]: Register in operand not in bank 0.  Ensure that bank bits are correct.
000C   0188           00031     CLRF ANSEL ; digital I/O
000D   1283 1303      00032         BANKSEL PORTA
MPASM  5.35                         LAB 3.ASM   5-29-2017  23:14:26         PAGE  3


LOC  OBJECT CODE     LINE SOURCE TEXT
  VALUE

                      00033     
000F                  00034 main:
Message[305]: Using default destination of 1 (file).
000F   0886           00035     MOVF PORTB
                      00036         MOVFF PORTB, B_VAL
0010   0806               M         MOVF PORTB,  0
0011   00A1               M         MOVWF B_VAL
0012   0E06           00037         SWAPF PORTB, 0
0013   00A0           00038         MOVWF A_VAL
0014   300F           00039         MOVLW 0x0F
Message[305]: Using default destination of 1 (file).
0015   05A0           00040         ANDWF A_VAL
Message[305]: Using default destination of 1 (file).
0016   05A1           00041         ANDWF B_VAL
                      00042 
0017                  00043 checkEqual:
0017   0820           00044     MOVF A_VAL, 0
0018   3C21           00045         SUBLW B_VAL
0019   1903           00046         BTFSC STATUS, Z
001A   2???           00047         GOTO isEqual
                      00048 
                      00049         
                      00050 ;does less than ie (101-111) always result in C=0?
                      00051 ;does greater than ie (111-101) always result in C=1?
001B                  00052 checkGreater:
001B   0821           00053         MOVF B_VAL, 0
Message[305]: Using default destination of 1 (file).
001C   02A0           00054         SUBWF A_VAL ; A-B
001D   1C03           00055         BTFSS STATUS, C 
001E   2???           00056         GOTO isLess
001F   2???           00057         GOTO isGreater 
                      00058     
0020                  00059 isEqual:
                      00060         MOVLF EQUAL, PORTA
0020   3002               M         MOVLW EQUAL
0021   0085               M         MOVWF PORTA
0022   2???           00061         GOTO main
                      00062         
0023                  00063 isLess:
                      00064         MOVLF LESS, PORTA
0023   3001               M         MOVLW LESS
0024   0085               M         MOVWF PORTA
0025   2???           00065         GOTO main
                      00066         
0026                  00067 isGreater:
                      00068         MOVLF GREATER, PORTA
0026   3004               M         MOVLW GREATER
0027   0085               M         MOVWF PORTA
0028   2???           00069         GOTO main
                      00070 
0029                  00071 _end:
                      00072         END
MPASM  5.35                         LAB 3.ASM   5-29-2017  23:14:26         PAGE  4


SYMBOL TABLE
  LABEL                             VALUE 

ABDEN                             00000000
ABDOVF                            00000007
ACKDT                             00000005
ACKEN                             00000004
ACKSTAT                           00000006
ADCON0                            0000001F
ADCON1                            0000009F
ADCS0                             00000006
ADCS1                             00000007
ADDEN                             00000003
ADDFF                             
ADDLF                             
ADFM                              00000007
ADIE                              00000006
ADIF                              00000006
ADON                              00000000
ADRESH                            0000001E
ADRESL                            0000009E
ANS0                              00000000
ANS1                              00000001
ANS10                             00000002
ANS11                             00000003
ANS12                             00000004
ANS13                             00000005
ANS2                              00000002
ANS3                              00000003
ANS4                              00000004
ANS5                              00000005
ANS6                              00000006
ANS7                              00000007
ANS8                              00000000
ANS9                              00000001
ANSEL                             00000188
ANSELH                            00000189
A_VAL                             00000020
BAUDCTL                           00000187
BCLIE                             00000003
BCLIF                             00000003
BF                                00000000
BRG0                              00000000
BRG1                              00000001
BRG10                             00000002
BRG11                             00000003
BRG12                             00000004
BRG13                             00000005
BRG14                             00000006
BRG15                             00000007
BRG16                             00000003
BRG2                              00000002
BRG3                              00000003
BRG4                              00000004
BRG5                              00000005
BRG6                              00000006
MPASM  5.35                         LAB 3.ASM   5-29-2017  23:14:26         PAGE  5


SYMBOL TABLE
  LABEL                             VALUE 

BRG7                              00000007
BRG8                              00000000
BRG9                              00000001
BRGH                              00000002
B_VAL                             00000021
C                                 00000000
C1CH0                             00000000
C1CH1                             00000001
C1IE                              00000005
C1IF                              00000005
C1OE                              00000005
C1ON                              00000007
C1OUT                             00000006
C1POL                             00000004
C1R                               00000002
C1RSEL                            00000005
C1SEN                             00000005
C2CH0                             00000000
C2CH1                             00000001
C2IE                              00000006
C2IF                              00000006
C2OE                              00000005
C2ON                              00000007
C2OUT                             00000006
C2POL                             00000004
C2R                               00000002
C2REN                             00000004
C2RSEL                            00000004
C2SYNC                            00000000
CCP1CON                           00000017
CCP1IE                            00000002
CCP1IF                            00000002
CCP1M0                            00000000
CCP1M1                            00000001
CCP1M2                            00000002
CCP1M3                            00000003
CCP1X                             00000005
CCP1Y                             00000004
CCP2CON                           0000001D
CCP2IE                            00000000
CCP2IF                            00000000
CCP2M0                            00000000
CCP2M1                            00000001
CCP2M2                            00000002
CCP2M3                            00000003
CCP2X                             00000005
CCP2Y                             00000004
CCPR1H                            00000016
CCPR1L                            00000015
CCPR2H                            0000001C
CCPR2L                            0000001B
CHS0                              00000002
CHS1                              00000003
MPASM  5.35                         LAB 3.ASM   5-29-2017  23:14:26         PAGE  6


SYMBOL TABLE
  LABEL                             VALUE 

CHS2                              00000004
CHS3                              00000005
CKE                               00000006
CKP                               00000004
CM1CON0                           00000107
CM2CON0                           00000108
CM2CON1                           00000109
CREN                              00000004
CSRC                              00000007
D                                 00000005
DATA_ADDRESS                      00000005
DC                                00000001
DC1B0                             00000004
DC1B1                             00000005
DC2B0                             00000004
DC2B1                             00000005
D_A                               00000005
ECCPAS                            0000009C
ECCPAS0                           00000004
ECCPAS1                           00000005
ECCPAS2                           00000006
ECCPASE                           00000007
EEADR                             0000010D
EEADRH                            0000010F
EECON1                            0000018C
EECON2                            0000018D
EEDAT                             0000010C
EEDATA                            0000010C
EEDATH                            0000010E
EEIE                              00000004
EEIF                              00000004
EEPGD                             00000007
EQUAL                             00000002
F                                 00000001
FERR                              00000002
FSR                               00000004
FVREN                             00000000
GCEN                              00000007
GIE                               00000007
GO                                00000001
GO_DONE                           00000001
GREATER                           00000004
HTS                               00000002
I2C_DATA                          00000005
I2C_READ                          00000002
I2C_START                         00000003
I2C_STOP                          00000004
INDF                              00000000
INTCON                            0000000B
INTE                              00000004
INTEDG                            00000006
INTF                              00000001
IOCB                              00000096
MPASM  5.35                         LAB 3.ASM   5-29-2017  23:14:26         PAGE  7


SYMBOL TABLE
  LABEL                             VALUE 

IOCB0                             00000000
IOCB1                             00000001
IOCB2                             00000002
IOCB3                             00000003
IOCB4                             00000004
IOCB5                             00000005
IOCB6                             00000006
IOCB7                             00000007
IRCF0                             00000004
IRCF1                             00000005
IRCF2                             00000006
IRP                               00000007
LESS                              00000001
LTS                               00000001
MC1OUT                            00000007
MC2OUT                            00000006
MOVFF                             
MOVLF                             
MSK                               00000093
MULTFF                            
MULTLW                            
NOT_A                             00000005
NOT_ADDRESS                       00000005
NOT_BO                            00000000
NOT_BOR                           00000000
NOT_DONE                          00000001
NOT_PD                            00000003
NOT_POR                           00000001
NOT_RBPU                          00000007
NOT_RC8                           00000006
NOT_T1SYNC                        00000002
NOT_TO                            00000004
NOT_TX8                           00000006
NOT_W                             00000002
NOT_WRITE                         00000002
OERR                              00000001
OPTION_REG                        00000081
OSCCON                            0000008F
OSCTUNE                           00000090
OSFIE                             00000007
OSFIF                             00000007
OSTS                              00000003
P                                 00000004
P1M0                              00000006
P1M1                              00000007
PCL                               00000002
PCLATH                            0000000A
PCON                              0000008E
PDC0                              00000000
PDC1                              00000001
PDC2                              00000002
PDC3                              00000003
PDC4                              00000004
MPASM  5.35                         LAB 3.ASM   5-29-2017  23:14:26         PAGE  8


SYMBOL TABLE
  LABEL                             VALUE 

PDC5                              00000005
PDC6                              00000006
PEIE                              00000006
PEN                               00000002
PIE1                              0000008C
PIE2                              0000008D
PIR1                              0000000C
PIR2                              0000000D
PORTA                             00000005
PORTB                             00000006
PORTC                             00000007
PORTD                             00000008
PORTE                             00000009
PR2                               00000092
PRSEN                             00000007
PS0                               00000000
PS1                               00000001
PS2                               00000002
PSA                               00000003
PSSAC0                            00000002
PSSAC1                            00000003
PSSBD0                            00000000
PSSBD1                            00000001
PSTRCON                           0000009D
PULSR                             00000002
PULSS                             00000003
PWM1CON                           0000009B
R                                 00000002
RBIE                              00000003
RBIF                              00000000
RC8_9                             00000006
RC9                               00000006
RCD8                              00000000
RCEN                              00000003
RCIDL                             00000006
RCIE                              00000005
RCIF                              00000005
RCREG                             0000001A
RCSTA                             00000018
RD                                00000000
READ_WRITE                        00000002
RP0                               00000005
RP1                               00000006
RSEN                              00000001
RX9                               00000006
RX9D                              00000000
R_W                               00000002
S                                 00000003
SBOREN                            00000004
SCKP                              00000004
SCS                               00000000
SEN                               00000000
SENDB                             00000003
MPASM  5.35                         LAB 3.ASM   5-29-2017  23:14:26         PAGE  9


SYMBOL TABLE
  LABEL                             VALUE 

SMP                               00000007
SPBRG                             00000099
SPBRGH                            0000009A
SPEN                              00000007
SR0                               00000006
SR1                               00000007
SRCON                             00000185
SREN                              00000005
SSPADD                            00000093
SSPBUF                            00000013
SSPCON                            00000014
SSPCON2                           00000091
SSPEN                             00000005
SSPIE                             00000003
SSPIF                             00000003
SSPM0                             00000000
SSPM1                             00000001
SSPM2                             00000002
SSPM3                             00000003
SSPMSK                            00000093
SSPOV                             00000006
SSPSTAT                           00000094
START                             00000000
STATUS                            00000003
STRA                              00000000
STRB                              00000001
STRC                              00000002
STRD                              00000003
STRSYNC                           00000004
SUBLF                             
SWAP                              
SWDTEN                            00000000
SYNC                              00000004
T0CS                              00000005
T0IE                              00000005
T0IF                              00000002
T0SE                              00000004
T1CKPS0                           00000004
T1CKPS1                           00000005
T1CON                             00000010
T1GIV                             00000007
T1GSS                             00000001
T1INSYNC                          00000002
T1OSCEN                           00000003
T1SYNC                            00000002
T2CKPS0                           00000000
T2CKPS1                           00000001
T2CON                             00000012
TMR0                              00000001
TMR0IE                            00000005
TMR0IF                            00000002
TMR1CS                            00000001
TMR1GE                            00000006
MPASM  5.35                         LAB 3.ASM   5-29-2017  23:14:26         PAGE 10


SYMBOL TABLE
  LABEL                             VALUE 

TMR1H                             0000000F
TMR1IE                            00000000
TMR1IF                            00000000
TMR1L                             0000000E
TMR1ON                            00000000
TMR2                              00000011
TMR2IE                            00000001
TMR2IF                            00000001
TMR2ON                            00000002
TOUTPS0                           00000003
TOUTPS1                           00000004
TOUTPS2                           00000005
TOUTPS3                           00000006
TRISA                             00000085
TRISB                             00000086
TRISC                             00000087
TRISD                             00000088
TRISE                             00000089
TRMT                              00000001
TUN0                              00000000
TUN1                              00000001
TUN2                              00000002
TUN3                              00000003
TUN4                              00000004
TX8_9                             00000006
TX9                               00000006
TX9D                              00000000
TXD8                              00000000
TXEN                              00000005
TXIE                              00000004
TXIF                              00000004
TXREG                             00000019
TXSTA                             00000098
UA                                00000001
ULPWUE                            00000005
ULPWUIE                           00000002
ULPWUIF                           00000002
VCFG0                             00000004
VCFG1                             00000005
VR0                               00000000
VR1                               00000001
VR2                               00000002
VR3                               00000003
VRCON                             00000097
VREN                              00000007
VROE                              00000006
VRR                               00000005
VRSS                              00000004
W                                 00000000
WCOL                              00000007
WDTCON                            00000105
WDTPS0                            00000001
WDTPS1                            00000002
MPASM  5.35                         LAB 3.ASM   5-29-2017  23:14:26         PAGE 11


SYMBOL TABLE
  LABEL                             VALUE 

WDTPS2                            00000003
WDTPS3                            00000004
WPUB                              00000095
WPUB0                             00000000
WPUB1                             00000001
WPUB2                             00000002
WPUB3                             00000003
WPUB4                             00000004
WPUB5                             00000005
WPUB6                             00000006
WPUB7                             00000007
WR                                00000001
WREN                              00000002
WRERR                             00000003
WUE                               00000001
Z                                 00000002
_BOR21V                           00003EFF
_BOR40V                           00003FFF
_BOR_NSLEEP                       00003EFF
_BOR_OFF                          00003CFF
_BOR_ON                           00003FFF
_BOR_SBODEN                       00003DFF
_CONFIG1                          00002007
_CONFIG2                          00002008
_CPD_OFF                          00003FFF
_CPD_ON                           00003F7F
_CP_OFF                           00003FFF
_CP_ON                            00003FBF
_DEBUG_OFF                        00003FFF
_DEBUG_ON                         00001FFF
_EC_OSC                           00003FFB
_EXTRC                            00003FFF
_EXTRCIO                          00003FFE
_EXTRC_OSC_CLKOUT                 00003FFF
_EXTRC_OSC_NOCLKOUT               00003FFE
_FCMEN_OFF                        000037FF
_FCMEN_ON                         00003FFF
_HS_OSC                           00003FFA
_IESO_OFF                         00003BFF
_IESO_ON                          00003FFF
_INTOSC                           00003FFD
_INTOSCIO                         00003FFC
_INTRC_OSC_CLKOUT                 00003FFD
_INTRC_OSC_NOCLKOUT               00003FFC
_LP_OSC                           00003FF8
_LVP_OFF                          00002FFF
_LVP_ON                           00003FFF
_MCLRE_OFF                        00003FDF
_MCLRE_ON                         00003FFF
_PWRTE_OFF                        00003FFF
_PWRTE_ON                         00003FEF
_WDT_OFF                          00003FF7
_WDT_ON                           00003FFF
MPASM  5.35                         LAB 3.ASM   5-29-2017  23:14:26         PAGE 12


SYMBOL TABLE
  LABEL                             VALUE 

_WRT_1FOURTH                      00003BFF
_WRT_256                          00003DFF
_WRT_HALF                         000039FF
_WRT_OFF                          00003FFF
_XT_OSC                           00003FF9
__16F877A                         00000001
__DEBUG                           1
_end                              00000029
checkEqual                        00000017
checkGreater                      0000001B
isEqual                           00000020
isGreater                         00000026
isLess                            00000023
main                              0000000F
setup                             00000000

Errors   :     0
Warnings :     8 reported,     0 suppressed
Messages :     8 reported,     0 suppressed

